<?xml version="1.0" encoding="UTF-8"?>
<testsuite xmlns:xsi="http://www.w3.org/2001/XMLSchema-instance" xsi:noNamespaceSchemaLocation="https://maven.apache.org/surefire/maven-surefire-plugin/xsd/surefire-test-report-3.0.xsd" version="3.0" name="LinkedInTests.BankAccountBeforeAfterTest" time="0.043" tests="2" errors="0" skipped="0" failures="0">
  <properties>
[...]
</properties>
  <testcase name="depositFirst" classname="LinkedInTests.BankAccountBeforeAfterTest" time="0.022">
    <system-out><![CDATA[Ready, Steady, Test!!
This is step number: 1
Deposit: 1000.0
]]></system-out>
  </testcase>
  <testcase name="testWithdraw" classname="LinkedInTests.BankAccountBeforeAfterTest" time="0.001">
    <system-out><![CDATA[This is step number: 2
Withdraw: 900.0
]]></system-out>
  </testcase>
</testsuite>